22/09/2020 00:04:09 devpinoyLogger Chrome Launched ....
22/09/2020 00:04:10 devpinoyLogger Navigated to: https://www.saucedemo.com/
22/09/2020 00:04:14 devpinoyLogger ITEMSAVAILABLEVERIFIED Test Started $$$$$$$$$$$$$$$$$$$$$$$$$$$$$$$$$$
22/09/2020 00:04:14 devpinoyLogger There is not six items for sale
22/09/2020 00:04:14 devpinoyLogger Sauce Labs Backpack
carry.allTheThings() with the sleek, streamlined Sly Pack that melds uncompromising style with unequaled laptop and tablet protection.
$29.99
ADD TO CART
Sauce Labs Bike Light
A red light isn't the desired state in testing but it sure helps when riding your bike at night. Water-resistant with 3 lighting modes, 1 AAA battery included.
$9.99
ADD TO CART
Sauce Labs Bolt T-Shirt
Get your testing superhero on with the Sauce Labs bolt T-shirt. From American Apparel, 100% ringspun combed cotton, heather gray with red bolt.
$15.99
ADD TO CART
Sauce Labs Fleece Jacket
It's not every day that you come across a midweight quarter-zip fleece jacket capable of handling everything from a relaxing day outdoors to a busy day at the office.
$49.99
ADD TO CART
Sauce Labs Onesie
Rib snap infant onesie for the junior automation engineer in development. Reinforced 3-snap bottom closure, two-needle hemmed sleeved and bottom won't unravel.
$7.99
ADD TO CART
Test.allTheThings() T-Shirt (Red)
This classic Sauce Labs t-shirt is perfect to wear when cozying up to your keyboard to automate a few tests. Super-soft and comfy ringspun combed cotton.
$15.99
ADD TO CART
22/09/2020 00:04:16 devpinoyLogger TestUtil.screenshotName=Tue_Sep_22_00_04_16_EDT_2020.jpg
22/09/2020 00:04:16 devpinoyLogger SWAGLABSLOGOVERIFIED Test Started $$$$$$$$$$$$$$$$$$$$$$$$$$$$$$$$$$
22/09/2020 00:04:48 devpinoyLogger TestUtil.screenshotName=Tue_Sep_22_00_04_48_EDT_2020.jpg
22/09/2020 00:04:49 devpinoyLogger Test Successfully Completed
